<?xml version="1.0" encoding="UTF-8"?>
<!-- Generated by org.testng.reporters.JUnitReportReporter -->
<testsuite hostname="DESKTOP-CNGHAK3" failures="0" tests="9" name="cs353.basicBillTest" time="69.479" errors="0" timestamp="2021-05-08T15:39:15 IST" skipped="0">
  <testcase classname="cs353.basicBillTest" name="validDataTests" time="5.314"/>
  <system-out/>
  <testcase classname="cs353.basicBillTest" name="invalidDataTests" time="5.381"/>
  <system-out/>
  <testcase classname="cs353.basicBillTest" name="validDataTests" time="5.408"/>
  <system-out/>
  <testcase classname="cs353.basicBillTest" name="validDataTests" time="5.463"/>
  <system-out/>
  <testcase classname="cs353.basicBillTest" name="validDataTests" time="5.226"/>
  <system-out/>
  <testcase classname="cs353.basicBillTest" name="validDataTests" time="5.847"/>
  <system-out/>
  <testcase classname="cs353.basicBillTest" name="validDataTests" time="5.983"/>
  <system-out/>
  <testcase classname="cs353.basicBillTest" name="invalidDataTests" time="25.536"/>
  <system-out/>
  <testcase classname="cs353.basicBillTest" name="validDataTests" time="5.321"/>
  <system-out/>
</testsuite> <!-- cs353.basicBillTest -->
